This is pdfTeX, Version 3.14159265-2.6-1.40.16 (TeX Live 2015) (preloaded format=pdflatex 2015.5.24)  2 MAY 2016 17:57
entering extended mode
 restricted \write18 enabled.
 file:line:error style messages enabled.
 %&-line parsing enabled.
**receipt
(./receipt.tex
LaTeX2e <2015/01/01>
Babel <3.9l> and hyphenation patterns for 79 languages loaded.
(/usr/local/texlive/2015/texmf-dist/tex/latex/base/article.cls
Document Class: article 2014/09/29 v1.4h Standard LaTeX document class
(/usr/local/texlive/2015/texmf-dist/tex/latex/base/size11.clo
File: size11.clo 2014/09/29 v1.4h Standard LaTeX file (size option)
)
\c@part=\count79
\c@section=\count80
\c@subsection=\count81
\c@subsubsection=\count82
\c@paragraph=\count83
\c@subparagraph=\count84
\c@figure=\count85
\c@table=\count86
\abovecaptionskip=\skip41
\belowcaptionskip=\skip42
\bibindent=\dimen102
)
(/usr/local/texlive/2015/texmf-dist/tex/latex/geometry/geometry.sty
Package: geometry 2010/09/12 v5.6 Page Geometry

(/usr/local/texlive/2015/texmf-dist/tex/latex/graphics/keyval.sty
Package: keyval 2014/10/28 v1.15 key=value parser (DPC)
\KV@toks@=\toks14
)
(/usr/local/texlive/2015/texmf-dist/tex/generic/oberdiek/ifpdf.sty
Package: ifpdf 2011/01/30 v2.3 Provides the ifpdf switch (HO)
Package ifpdf Info: pdfTeX in PDF mode is detected.
)
(/usr/local/texlive/2015/texmf-dist/tex/generic/oberdiek/ifvtex.sty
Package: ifvtex 2010/03/01 v1.5 Detect VTeX and its facilities (HO)
Package ifvtex Info: VTeX not detected.
)
(/usr/local/texlive/2015/texmf-dist/tex/generic/ifxetex/ifxetex.sty
Package: ifxetex 2010/09/12 v0.6 Provides ifxetex conditional
)
\Gm@cnth=\count87
\Gm@cntv=\count88
\c@Gm@tempcnt=\count89
\Gm@bindingoffset=\dimen103
\Gm@wd@mp=\dimen104
\Gm@odd@mp=\dimen105
\Gm@even@mp=\dimen106
\Gm@layoutwidth=\dimen107
\Gm@layoutheight=\dimen108
\Gm@layouthoffset=\dimen109
\Gm@layoutvoffset=\dimen110
\Gm@dimlist=\toks15
)
(/usr/local/texlive/2015/texmf-dist/tex/latex/amsmath/amsmath.sty
Package: amsmath 2013/01/14 v2.14 AMS math features
\@mathmargin=\skip43

For additional information on amsmath, use the `?' option.
(/usr/local/texlive/2015/texmf-dist/tex/latex/amsmath/amstext.sty
Package: amstext 2000/06/29 v2.01

(/usr/local/texlive/2015/texmf-dist/tex/latex/amsmath/amsgen.sty
File: amsgen.sty 1999/11/30 v2.0
\@emptytoks=\toks16
\ex@=\dimen111
))
(/usr/local/texlive/2015/texmf-dist/tex/latex/amsmath/amsbsy.sty
Package: amsbsy 1999/11/29 v1.2d
\pmbraise@=\dimen112
)
(/usr/local/texlive/2015/texmf-dist/tex/latex/amsmath/amsopn.sty
Package: amsopn 1999/12/14 v2.01 operator names
)
\inf@bad=\count90
LaTeX Info: Redefining \frac on input line 210.
\uproot@=\count91
\leftroot@=\count92
LaTeX Info: Redefining \overline on input line 306.
\classnum@=\count93
\DOTSCASE@=\count94
LaTeX Info: Redefining \ldots on input line 378.
LaTeX Info: Redefining \dots on input line 381.
LaTeX Info: Redefining \cdots on input line 466.
\Mathstrutbox@=\box26
\strutbox@=\box27
\big@size=\dimen113
LaTeX Font Info:    Redeclaring font encoding OML on input line 566.
LaTeX Font Info:    Redeclaring font encoding OMS on input line 567.
\macc@depth=\count95
\c@MaxMatrixCols=\count96
\dotsspace@=\muskip10
\c@parentequation=\count97
\dspbrk@lvl=\count98
\tag@help=\toks17
\row@=\count99
\column@=\count100
\maxfields@=\count101
\andhelp@=\toks18
\eqnshift@=\dimen114
\alignsep@=\dimen115
\tagshift@=\dimen116
\tagwidth@=\dimen117
\totwidth@=\dimen118
\lineht@=\dimen119
\@envbody=\toks19
\multlinegap=\skip44
\multlinetaggap=\skip45
\mathdisplay@stack=\toks20
LaTeX Info: Redefining \[ on input line 2665.
LaTeX Info: Redefining \] on input line 2666.
)
(/usr/local/texlive/2015/texmf-dist/tex/latex/amsfonts/amssymb.sty
Package: amssymb 2013/01/14 v3.01 AMS font symbols

(/usr/local/texlive/2015/texmf-dist/tex/latex/amsfonts/amsfonts.sty
Package: amsfonts 2013/01/14 v3.01 Basic AMSFonts support
\symAMSa=\mathgroup4
\symAMSb=\mathgroup5
LaTeX Font Info:    Overwriting math alphabet `\mathfrak' in version `bold'
(Font)                  U/euf/m/n --> U/euf/b/n on input line 106.
))
(/usr/local/texlive/2015/texmf-dist/tex/latex/datetime/datetime.sty
Package: datetime 2015/03/20 v2.60 Date Time Package

(/usr/local/texlive/2015/texmf-dist/tex/latex/etoolbox/etoolbox.sty
Package: etoolbox 2015/05/04 v2.2 e-TeX tools for LaTeX (JAW)
\etb@tempcnta=\count102
)
(/usr/local/texlive/2015/texmf-dist/tex/latex/fmtcount/fmtcount.sty
Package: fmtcount 2015/05/05 v3.01

(/usr/local/texlive/2015/texmf-dist/tex/latex/base/ifthen.sty
Package: ifthen 2014/09/29 v1.1c Standard LaTeX ifthen package (DPC)
)
(/usr/local/texlive/2015/texmf-dist/tex/latex/xkeyval/xkeyval.sty
Package: xkeyval 2014/12/03 v2.7a package option processing (HA)

(/usr/local/texlive/2015/texmf-dist/tex/generic/xkeyval/xkeyval.tex
(/usr/local/texlive/2015/texmf-dist/tex/generic/xkeyval/xkvutils.tex
\XKV@toks=\toks21
\XKV@tempa@toks=\toks22
)
\XKV@depth=\count103
File: xkeyval.tex 2014/12/03 v2.7a key=value parser (HA)
))
(/usr/local/texlive/2015/texmf-dist/tex/latex/fmtcount/fcprefix.sty
Package: fcprefix 2012/09/28

(/usr/local/texlive/2015/texmf-dist/tex/latex/fmtcount/fcnumparser.sty
Package: fcnumparser 2012/09/28
\fc@digit@counter=\count104
))
\c@padzeroesN=\count105
\fc@tmpcatcode=\count106
\@DT@modctr=\count107
\@ordinalctr=\count108
\@orgargctr=\count109
\@strctr=\count110
\@tmpstrctr=\count111
\@DT@loopN=\count112
\@DT@X=\count113

(/usr/local/texlive/2015/texmf-dist/tex/latex/fmtcount/fc-english.def
File: fc-english.def 2013/08/17
))
(/usr/local/texlive/2015/texmf-dist/tex/latex/datetime/datetime-defaults.sty
Package: datetime-defaults 2013/09/10
)
\@day=\count114
\@month=\count115
\@year=\count116
\c@HOUR=\count117
\c@HOURXII=\count118
\c@MINUTE=\count119
\c@TOHOUR=\count120
\c@TOMINUTE=\count121
\c@SECOND=\count122
\currenthour=\count123
\currentminute=\count124
\currentsecond=\count125
Package datetime Info: No datetime.cfg file found, using default settings on in
put line 308.
\@dtctr=\count126
\dayofyear=\count127
\dayofweek=\count128
LaTeX Info: Redefining \today on input line 736.
\dt@a=\toks23
\dt@b=\toks24
)
(/usr/local/texlive/2015/texmf-dist/tex/latex/graphics/color.sty
Package: color 2014/10/28 v1.1a Standard LaTeX Color (DPC)

(/usr/local/texlive/2015/texmf-dist/tex/latex/latexconfig/color.cfg
File: color.cfg 2007/01/18 v1.5 color configuration of teTeX/TeXLive
)
Package color Info: Driver file: pdftex.def on input line 142.

(/usr/local/texlive/2015/texmf-dist/tex/latex/pdftex-def/pdftex.def
File: pdftex.def 2011/05/27 v0.06d Graphics/color for pdfTeX

(/usr/local/texlive/2015/texmf-dist/tex/generic/oberdiek/infwarerr.sty
Package: infwarerr 2010/04/08 v1.3 Providing info/warning/error messages (HO)
)
(/usr/local/texlive/2015/texmf-dist/tex/generic/oberdiek/ltxcmds.sty
Package: ltxcmds 2011/11/09 v1.22 LaTeX kernel commands for general use (HO)
)
\Gread@gobject=\count129
))
(/usr/local/texlive/2015/texmf-dist/tex/latex/everypage/everypage.sty
Package: everypage 2007/06/20 1.1 Hooks to run on every page
)
(/usr/local/texlive/2015/texmf-dist/tex/latex/lastpage/lastpage.sty
Package: lastpage 2015/03/29 v1.2m Refers to last page's name (HMM; JPG)
)
(/usr/local/texlive/2015/texmf-dist/tex/latex/multirow/multirow.sty
\bigstrutjot=\dimen120
)
(/usr/local/texlive/2015/texmf-dist/tex/latex/textpos/textpos.sty
Package: textpos 2014/01/03 v1.7j

Package: textpos 2014/01/03 1.7j, absolute positioning of text on the page
\TP@textbox=\box28
\TPHorizModule=\dimen121
\TPVertModule=\dimen122
\TP@margin=\dimen123
\TP@absmargin=\dimen124
Grid set 16 x 16 = 38.39343pt x 49.68562pt
\TPboxrulesize=\dimen125
\TP@tbargs=\toks25
\TP@prevdepth=\dimen126
) (/usr/local/texlive/2015/texmf-dist/tex/latex/units/nicefrac.sty
Package: nicefrac 1998/08/04 v0.9b Nice fractions
\L@UnitsRaiseDisplaystyle=\skip46
\L@UnitsRaiseTextstyle=\skip47
\L@UnitsRaiseScriptstyle=\skip48
)
(/usr/local/texlive/2015/texmf-dist/tex/latex/setspace/setspace.sty
Package: setspace 2011/12/19 v6.7a set line spacing
)
(/usr/local/texlive/2015/texmf-dist/tex/latex/pgf/frontendlayer/tikz.sty
(/usr/local/texlive/2015/texmf-dist/tex/latex/pgf/basiclayer/pgf.sty
(/usr/local/texlive/2015/texmf-dist/tex/latex/pgf/utilities/pgfrcs.sty
(/usr/local/texlive/2015/texmf-dist/tex/generic/pgf/utilities/pgfutil-common.te
x
\pgfutil@everybye=\toks26
\pgfutil@tempdima=\dimen127
\pgfutil@tempdimb=\dimen128

(/usr/local/texlive/2015/texmf-dist/tex/generic/pgf/utilities/pgfutil-common-li
sts.tex))
(/usr/local/texlive/2015/texmf-dist/tex/generic/pgf/utilities/pgfutil-latex.def
\pgfutil@abb=\box29
(/usr/local/texlive/2015/texmf-dist/tex/latex/ms/everyshi.sty
Package: everyshi 2001/05/15 v3.00 EveryShipout Package (MS)
))
(/usr/local/texlive/2015/texmf-dist/tex/generic/pgf/utilities/pgfrcs.code.tex
Package: pgfrcs 2013/12/20 v3.0.0 (rcs-revision 1.28)
))
Package: pgf 2013/12/18 v3.0.0 (rcs-revision 1.14)
(/usr/local/texlive/2015/texmf-dist/tex/latex/pgf/basiclayer/pgfcore.sty
(/usr/local/texlive/2015/texmf-dist/tex/latex/graphics/graphicx.sty
Package: graphicx 2014/10/28 v1.0g Enhanced LaTeX Graphics (DPC,SPQR)

(/usr/local/texlive/2015/texmf-dist/tex/latex/graphics/graphics.sty
Package: graphics 2014/10/28 v1.0p Standard LaTeX Graphics (DPC,SPQR)

(/usr/local/texlive/2015/texmf-dist/tex/latex/graphics/trig.sty
Package: trig 1999/03/16 v1.09 sin cos tan (DPC)
)
(/usr/local/texlive/2015/texmf-dist/tex/latex/latexconfig/graphics.cfg
File: graphics.cfg 2010/04/23 v1.9 graphics configuration of TeX Live
)
Package graphics Info: Driver file: pdftex.def on input line 94.
)
\Gin@req@height=\dimen129
\Gin@req@width=\dimen130
)
(/usr/local/texlive/2015/texmf-dist/tex/latex/pgf/systemlayer/pgfsys.sty
(/usr/local/texlive/2015/texmf-dist/tex/generic/pgf/systemlayer/pgfsys.code.tex
Package: pgfsys 2013/11/30 v3.0.0 (rcs-revision 1.47)
(/usr/local/texlive/2015/texmf-dist/tex/generic/pgf/utilities/pgfkeys.code.tex
\pgfkeys@pathtoks=\toks27
\pgfkeys@temptoks=\toks28

(/usr/local/texlive/2015/texmf-dist/tex/generic/pgf/utilities/pgfkeysfiltered.c
ode.tex
\pgfkeys@tmptoks=\toks29
))
\pgf@x=\dimen131
\pgf@y=\dimen132
\pgf@xa=\dimen133
\pgf@ya=\dimen134
\pgf@xb=\dimen135
\pgf@yb=\dimen136
\pgf@xc=\dimen137
\pgf@yc=\dimen138
\w@pgf@writea=\write3
\r@pgf@reada=\read1
\c@pgf@counta=\count130
\c@pgf@countb=\count131
\c@pgf@countc=\count132
\c@pgf@countd=\count133
\t@pgf@toka=\toks30
\t@pgf@tokb=\toks31
\t@pgf@tokc=\toks32

(/usr/local/texlive/2015/texmf-dist/tex/generic/pgf/systemlayer/pgf.cfg
File: pgf.cfg 2008/05/14  (rcs-revision 1.7)
)
Driver file for pgf: pgfsys-pdftex.def

(/usr/local/texlive/2015/texmf-dist/tex/generic/pgf/systemlayer/pgfsys-pdftex.d
ef
File: pgfsys-pdftex.def 2013/07/18  (rcs-revision 1.33)

(/usr/local/texlive/2015/texmf-dist/tex/generic/pgf/systemlayer/pgfsys-common-p
df.def
File: pgfsys-common-pdf.def 2013/10/10  (rcs-revision 1.13)
)))
(/usr/local/texlive/2015/texmf-dist/tex/generic/pgf/systemlayer/pgfsyssoftpath.
code.tex
File: pgfsyssoftpath.code.tex 2013/09/09  (rcs-revision 1.9)
\pgfsyssoftpath@smallbuffer@items=\count134
\pgfsyssoftpath@bigbuffer@items=\count135
)
(/usr/local/texlive/2015/texmf-dist/tex/generic/pgf/systemlayer/pgfsysprotocol.
code.tex
File: pgfsysprotocol.code.tex 2006/10/16  (rcs-revision 1.4)
)) (/usr/local/texlive/2015/texmf-dist/tex/latex/xcolor/xcolor.sty
Package: xcolor 2007/01/21 v2.11 LaTeX color extensions (UK)

(/usr/local/texlive/2015/texmf-dist/tex/latex/latexconfig/color.cfg
File: color.cfg 2007/01/18 v1.5 color configuration of teTeX/TeXLive
)
Package xcolor Info: Driver file: pdftex.def on input line 225.
LaTeX Info: Redefining \color on input line 702.
Package xcolor Info: Model `cmy' substituted by `cmy0' on input line 1337.
Package xcolor Info: Model `hsb' substituted by `rgb' on input line 1341.
Package xcolor Info: Model `RGB' extended on input line 1353.
Package xcolor Info: Model `HTML' substituted by `rgb' on input line 1355.
Package xcolor Info: Model `Hsb' substituted by `hsb' on input line 1356.
Package xcolor Info: Model `tHsb' substituted by `hsb' on input line 1357.
Package xcolor Info: Model `HSB' substituted by `hsb' on input line 1358.
Package xcolor Info: Model `Gray' substituted by `gray' on input line 1359.
Package xcolor Info: Model `wave' substituted by `hsb' on input line 1360.
)
(/usr/local/texlive/2015/texmf-dist/tex/generic/pgf/basiclayer/pgfcore.code.tex
Package: pgfcore 2010/04/11 v3.0.0 (rcs-revision 1.7)
(/usr/local/texlive/2015/texmf-dist/tex/generic/pgf/math/pgfmath.code.tex
(/usr/local/texlive/2015/texmf-dist/tex/generic/pgf/math/pgfmathcalc.code.tex
(/usr/local/texlive/2015/texmf-dist/tex/generic/pgf/math/pgfmathutil.code.tex)
(/usr/local/texlive/2015/texmf-dist/tex/generic/pgf/math/pgfmathparser.code.tex
\pgfmath@dimen=\dimen139
\pgfmath@count=\count136
\pgfmath@box=\box30
\pgfmath@toks=\toks33
\pgfmath@stack@operand=\toks34
\pgfmath@stack@operation=\toks35
)
(/usr/local/texlive/2015/texmf-dist/tex/generic/pgf/math/pgfmathfunctions.code.
tex
(/usr/local/texlive/2015/texmf-dist/tex/generic/pgf/math/pgfmathfunctions.basic
.code.tex)
(/usr/local/texlive/2015/texmf-dist/tex/generic/pgf/math/pgfmathfunctions.trigo
nometric.code.tex)
(/usr/local/texlive/2015/texmf-dist/tex/generic/pgf/math/pgfmathfunctions.rando
m.code.tex)
(/usr/local/texlive/2015/texmf-dist/tex/generic/pgf/math/pgfmathfunctions.compa
rison.code.tex)
(/usr/local/texlive/2015/texmf-dist/tex/generic/pgf/math/pgfmathfunctions.base.
code.tex)
(/usr/local/texlive/2015/texmf-dist/tex/generic/pgf/math/pgfmathfunctions.round
.code.tex)
(/usr/local/texlive/2015/texmf-dist/tex/generic/pgf/math/pgfmathfunctions.misc.
code.tex)
(/usr/local/texlive/2015/texmf-dist/tex/generic/pgf/math/pgfmathfunctions.integ
erarithmetics.code.tex)))
(/usr/local/texlive/2015/texmf-dist/tex/generic/pgf/math/pgfmathfloat.code.tex
\c@pgfmathroundto@lastzeros=\count137
))
(/usr/local/texlive/2015/texmf-dist/tex/generic/pgf/basiclayer/pgfcorepoints.co
de.tex
File: pgfcorepoints.code.tex 2013/10/07  (rcs-revision 1.27)
\pgf@picminx=\dimen140
\pgf@picmaxx=\dimen141
\pgf@picminy=\dimen142
\pgf@picmaxy=\dimen143
\pgf@pathminx=\dimen144
\pgf@pathmaxx=\dimen145
\pgf@pathminy=\dimen146
\pgf@pathmaxy=\dimen147
\pgf@xx=\dimen148
\pgf@xy=\dimen149
\pgf@yx=\dimen150
\pgf@yy=\dimen151
\pgf@zx=\dimen152
\pgf@zy=\dimen153
)
(/usr/local/texlive/2015/texmf-dist/tex/generic/pgf/basiclayer/pgfcorepathconst
ruct.code.tex
File: pgfcorepathconstruct.code.tex 2013/10/07  (rcs-revision 1.29)
\pgf@path@lastx=\dimen154
\pgf@path@lasty=\dimen155
)
(/usr/local/texlive/2015/texmf-dist/tex/generic/pgf/basiclayer/pgfcorepathusage
.code.tex
File: pgfcorepathusage.code.tex 2013/12/13  (rcs-revision 1.23)
\pgf@shorten@end@additional=\dimen156
\pgf@shorten@start@additional=\dimen157
)
(/usr/local/texlive/2015/texmf-dist/tex/generic/pgf/basiclayer/pgfcorescopes.co
de.tex
File: pgfcorescopes.code.tex 2013/10/09  (rcs-revision 1.44)
\pgfpic=\box31
\pgf@hbox=\box32
\pgf@layerbox@main=\box33
\pgf@picture@serial@count=\count138
)
(/usr/local/texlive/2015/texmf-dist/tex/generic/pgf/basiclayer/pgfcoregraphicst
ate.code.tex
File: pgfcoregraphicstate.code.tex 2013/09/19  (rcs-revision 1.11)
\pgflinewidth=\dimen158
)
(/usr/local/texlive/2015/texmf-dist/tex/generic/pgf/basiclayer/pgfcoretransform
ations.code.tex
File: pgfcoretransformations.code.tex 2013/10/10  (rcs-revision 1.17)
\pgf@pt@x=\dimen159
\pgf@pt@y=\dimen160
\pgf@pt@temp=\dimen161
)
(/usr/local/texlive/2015/texmf-dist/tex/generic/pgf/basiclayer/pgfcorequick.cod
e.tex
File: pgfcorequick.code.tex 2008/10/09  (rcs-revision 1.3)
)
(/usr/local/texlive/2015/texmf-dist/tex/generic/pgf/basiclayer/pgfcoreobjects.c
ode.tex
File: pgfcoreobjects.code.tex 2006/10/11  (rcs-revision 1.2)
)
(/usr/local/texlive/2015/texmf-dist/tex/generic/pgf/basiclayer/pgfcorepathproce
ssing.code.tex
File: pgfcorepathprocessing.code.tex 2013/09/09  (rcs-revision 1.9)
)
(/usr/local/texlive/2015/texmf-dist/tex/generic/pgf/basiclayer/pgfcorearrows.co
de.tex
File: pgfcorearrows.code.tex 2013/11/07  (rcs-revision 1.40)
\pgfarrowsep=\dimen162
)
(/usr/local/texlive/2015/texmf-dist/tex/generic/pgf/basiclayer/pgfcoreshade.cod
e.tex
File: pgfcoreshade.code.tex 2013/07/15  (rcs-revision 1.15)
\pgf@max=\dimen163
\pgf@sys@shading@range@num=\count139
)
(/usr/local/texlive/2015/texmf-dist/tex/generic/pgf/basiclayer/pgfcoreimage.cod
e.tex
File: pgfcoreimage.code.tex 2013/07/15  (rcs-revision 1.18)

(/usr/local/texlive/2015/texmf-dist/tex/generic/pgf/basiclayer/pgfcoreexternal.
code.tex
File: pgfcoreexternal.code.tex 2013/07/15  (rcs-revision 1.20)
\pgfexternal@startupbox=\box34
))
(/usr/local/texlive/2015/texmf-dist/tex/generic/pgf/basiclayer/pgfcorelayers.co
de.tex
File: pgfcorelayers.code.tex 2013/07/18  (rcs-revision 1.7)
)
(/usr/local/texlive/2015/texmf-dist/tex/generic/pgf/basiclayer/pgfcoretranspare
ncy.code.tex
File: pgfcoretransparency.code.tex 2013/09/30  (rcs-revision 1.5)
)
(/usr/local/texlive/2015/texmf-dist/tex/generic/pgf/basiclayer/pgfcorepatterns.
code.tex
File: pgfcorepatterns.code.tex 2013/11/07  (rcs-revision 1.5)
)))
(/usr/local/texlive/2015/texmf-dist/tex/generic/pgf/modules/pgfmoduleshapes.cod
e.tex
File: pgfmoduleshapes.code.tex 2013/10/31  (rcs-revision 1.34)
\pgfnodeparttextbox=\box35
)
(/usr/local/texlive/2015/texmf-dist/tex/generic/pgf/modules/pgfmoduleplot.code.
tex
File: pgfmoduleplot.code.tex 2013/07/31  (rcs-revision 1.12)
)
(/usr/local/texlive/2015/texmf-dist/tex/latex/pgf/compatibility/pgfcomp-version
-0-65.sty
Package: pgfcomp-version-0-65 2007/07/03 v3.0.0 (rcs-revision 1.7)
\pgf@nodesepstart=\dimen164
\pgf@nodesepend=\dimen165
)
(/usr/local/texlive/2015/texmf-dist/tex/latex/pgf/compatibility/pgfcomp-version
-1-18.sty
Package: pgfcomp-version-1-18 2007/07/23 v3.0.0 (rcs-revision 1.1)
))
(/usr/local/texlive/2015/texmf-dist/tex/latex/pgf/utilities/pgffor.sty
(/usr/local/texlive/2015/texmf-dist/tex/latex/pgf/utilities/pgfkeys.sty
(/usr/local/texlive/2015/texmf-dist/tex/generic/pgf/utilities/pgfkeys.code.tex)
) (/usr/local/texlive/2015/texmf-dist/tex/latex/pgf/math/pgfmath.sty
(/usr/local/texlive/2015/texmf-dist/tex/generic/pgf/math/pgfmath.code.tex))
(/usr/local/texlive/2015/texmf-dist/tex/generic/pgf/utilities/pgffor.code.tex
Package: pgffor 2013/12/13 v3.0.0 (rcs-revision 1.25)

(/usr/local/texlive/2015/texmf-dist/tex/generic/pgf/math/pgfmath.code.tex)
\pgffor@iter=\dimen166
\pgffor@skip=\dimen167
\pgffor@stack=\toks36
\pgffor@toks=\toks37
))
(/usr/local/texlive/2015/texmf-dist/tex/generic/pgf/frontendlayer/tikz/tikz.cod
e.tex
Package: tikz 2013/12/13 v3.0.0 (rcs-revision 1.142)

(/usr/local/texlive/2015/texmf-dist/tex/generic/pgf/libraries/pgflibraryplothan
dlers.code.tex
File: pgflibraryplothandlers.code.tex 2013/08/31 v3.0.0 (rcs-revision 1.20)
\pgf@plot@mark@count=\count140
\pgfplotmarksize=\dimen168
)
\tikz@lastx=\dimen169
\tikz@lasty=\dimen170
\tikz@lastxsaved=\dimen171
\tikz@lastysaved=\dimen172
\tikzleveldistance=\dimen173
\tikzsiblingdistance=\dimen174
\tikz@figbox=\box36
\tikz@figbox@bg=\box37
\tikz@tempbox=\box38
\tikz@tempbox@bg=\box39
\tikztreelevel=\count141
\tikznumberofchildren=\count142
\tikznumberofcurrentchild=\count143
\tikz@fig@count=\count144

(/usr/local/texlive/2015/texmf-dist/tex/generic/pgf/modules/pgfmodulematrix.cod
e.tex
File: pgfmodulematrix.code.tex 2013/09/17  (rcs-revision 1.8)
\pgfmatrixcurrentrow=\count145
\pgfmatrixcurrentcolumn=\count146
\pgf@matrix@numberofcolumns=\count147
)
\tikz@expandcount=\count148

(/usr/local/texlive/2015/texmf-dist/tex/generic/pgf/frontendlayer/tikz/librarie
s/tikzlibrarytopaths.code.tex
File: tikzlibrarytopaths.code.tex 2008/06/17 v3.0.0 (rcs-revision 1.2)
)))
(/usr/local/texlive/2015/texmf-dist/tex/generic/pgf/frontendlayer/tikz/librarie
s/tikzlibrarycalc.code.tex
File: tikzlibrarycalc.code.tex 2013/07/15 v3.0.0 (rcs-revision 1.9)
)
(/usr/local/texlive/2015/texmf-dist/tex/generic/pgf/frontendlayer/tikz/librarie
s/tikzlibraryarrows.code.tex
File: tikzlibraryarrows.code.tex 2008/01/09 v3.0.0 (rcs-revision 1.1)

(/usr/local/texlive/2015/texmf-dist/tex/generic/pgf/libraries/pgflibraryarrows.
code.tex
File: pgflibraryarrows.code.tex 2013/09/23 v3.0.0 (rcs-revision 1.16)
\arrowsize=\dimen175
))
(/usr/local/texlive/2015/texmf-dist/tex/generic/pgf/frontendlayer/tikz/librarie
s/tikzlibraryautomata.code.tex
File: tikzlibraryautomata.code.tex 2008/07/14 v3.0.0 (rcs-revision 1.3)

(/usr/local/texlive/2015/texmf-dist/tex/generic/pgf/frontendlayer/tikz/librarie
s/tikzlibraryshapes.multipart.code.tex
File: tikzlibraryshapes.multipart.code.tex 2008/01/09 v3.0.0 (rcs-revision 1.1)


(/usr/local/texlive/2015/texmf-dist/tex/generic/pgf/libraries/shapes/pgflibrary
shapes.multipart.code.tex
File: pgflibraryshapes.multipart.code.tex 2010/01/07 v3.0.0 (rcs-revision 1.2)
\pgfnodepartlowerbox=\box40
\pgfnodeparttwobox=\box41
\pgfnodepartthreebox=\box42
\pgfnodepartfourbox=\box43
\pgfnodeparttwentybox=\box44
\pgfnodepartnineteenbox=\box45
\pgfnodeparteighteenbox=\box46
\pgfnodepartseventeenbox=\box47
\pgfnodepartsixteenbox=\box48
\pgfnodepartfifteenbox=\box49
\pgfnodepartfourteenbox=\box50
\pgfnodepartthirteenbox=\box51
\pgfnodeparttwelvebox=\box52
\pgfnodepartelevenbox=\box53
\pgfnodeparttenbox=\box54
\pgfnodepartninebox=\box55
\pgfnodeparteightbox=\box56
\pgfnodepartsevenbox=\box57
\pgfnodepartsixbox=\box58
\pgfnodepartfivebox=\box59
)))
(/usr/local/texlive/2015/texmf-dist/tex/generic/pgf/frontendlayer/tikz/librarie
s/tikzlibraryshapes.misc.code.tex
File: tikzlibraryshapes.misc.code.tex 2008/01/09 v3.0.0 (rcs-revision 1.1)

(/usr/local/texlive/2015/texmf-dist/tex/generic/pgf/libraries/shapes/pgflibrary
shapes.misc.code.tex
File: pgflibraryshapes.misc.code.tex 2013/07/18 v3.0.0 (rcs-revision 1.5)
))
(/usr/local/texlive/2015/texmf-dist/tex/generic/pgf/frontendlayer/tikz/librarie
s/tikzlibraryshapes.arrows.code.tex
File: tikzlibraryshapes.arrows.code.tex 2008/01/09 v3.0.0 (rcs-revision 1.1)

(/usr/local/texlive/2015/texmf-dist/tex/generic/pgf/libraries/shapes/pgflibrary
shapes.arrows.code.tex
File: pgflibraryshapes.arrows.code.tex 2008/06/26 v3.0.0 (rcs-revision 1.1)
))
(/usr/local/texlive/2015/texmf-dist/tex/generic/pgf/frontendlayer/tikz/librarie
s/tikzlibrarychains.code.tex
File: tikzlibrarychains.code.tex 2013/07/15 v3.0.0 (rcs-revision 1.6)

(/usr/local/texlive/2015/texmf-dist/tex/generic/pgf/frontendlayer/tikz/librarie
s/tikzlibrarypositioning.code.tex
File: tikzlibrarypositioning.code.tex 2008/10/06 v3.0.0 (rcs-revision 1.7)
))
(/usr/local/texlive/2015/texmf-dist/tex/generic/pgf/frontendlayer/tikz/librarie
s/tikzlibrarymatrix.code.tex
File: tikzlibrarymatrix.code.tex 2013/07/12 v3.0.0 (rcs-revision 1.4)
)
(/usr/local/texlive/2015/texmf-dist/tex/generic/pgf/frontendlayer/tikz/librarie
s/tikzlibraryscopes.code.tex
File: tikzlibraryscopes.code.tex 2008/06/27 v3.0.0 (rcs-revision 1.2)
)
(/usr/local/texlive/2015/texmf-dist/tex/generic/pgf/frontendlayer/tikz/librarie
s/tikzlibrarydecorations.pathmorphing.code.tex
(/usr/local/texlive/2015/texmf-dist/tex/generic/pgf/frontendlayer/tikz/librarie
s/tikzlibrarydecorations.code.tex
(/usr/local/texlive/2015/texmf-dist/tex/generic/pgf/modules/pgfmoduledecoration
s.code.tex
\pgfdecoratedcompleteddistance=\dimen176
\pgfdecoratedremainingdistance=\dimen177
\pgfdecoratedinputsegmentcompleteddistance=\dimen178
\pgfdecoratedinputsegmentremainingdistance=\dimen179
\pgf@decorate@distancetomove=\dimen180
\pgf@decorate@repeatstate=\count149
\pgfdecorationsegmentamplitude=\dimen181
\pgfdecorationsegmentlength=\dimen182
)
\tikz@lib@dec@box=\box60
)
(/usr/local/texlive/2015/texmf-dist/tex/generic/pgf/libraries/decorations/pgfli
brarydecorations.pathmorphing.code.tex))
(/usr/local/texlive/2015/texmf-dist/tex/generic/pgf/frontendlayer/tikz/librarie
s/tikzlibraryshadows.code.tex
File: tikzlibraryshadows.code.tex 2008/01/13 v3.0.0 (rcs-revision 1.3)

(/usr/local/texlive/2015/texmf-dist/tex/generic/pgf/frontendlayer/tikz/librarie
s/tikzlibraryfadings.code.tex
File: tikzlibraryfadings.code.tex 2009/11/15 v3.0.0 (rcs-revision 1.2)

(/usr/local/texlive/2015/texmf-dist/tex/generic/pgf/libraries/pgflibraryfadings
.code.tex
File: pgflibraryfadings.code.tex 2008/02/07 v3.0.0 (rcs-revision 1.3)
)))
(/usr/local/texlive/2015/texmf-dist/tex/generic/pgf/frontendlayer/tikz/librarie
s/tikzlibrarypatterns.code.tex
File: tikzlibrarypatterns.code.tex 2008/01/15 v3.0.0 (rcs-revision 1.2)

(/usr/local/texlive/2015/texmf-dist/tex/generic/pgf/libraries/pgflibrarypattern
s.code.tex
File: pgflibrarypatterns.code.tex 2008/03/03 v3.0.0 (rcs-revision 1.13)
))
(/usr/local/texlive/2015/texmf-dist/tex/generic/pgf/frontendlayer/tikz/librarie
s/tikzlibrarydecorations.markings.code.tex
(/usr/local/texlive/2015/texmf-dist/tex/generic/pgf/libraries/decorations/pgfli
brarydecorations.markings.code.tex))
(/usr/local/texlive/2015/texmf-dist/tex/latex/preprint/fullpage.sty
Package: fullpage 1999/02/23 1.1 (PWD)
\FP@margin=\skip49
)
(./receipt.aux)
\openout1 = `receipt.aux'.

LaTeX Font Info:    Checking defaults for OML/cmm/m/it on input line 7.
LaTeX Font Info:    ... okay on input line 7.
LaTeX Font Info:    Checking defaults for T1/cmr/m/n on input line 7.
LaTeX Font Info:    ... okay on input line 7.
LaTeX Font Info:    Checking defaults for OT1/cmr/m/n on input line 7.
LaTeX Font Info:    ... okay on input line 7.
LaTeX Font Info:    Checking defaults for OMS/cmsy/m/n on input line 7.
LaTeX Font Info:    ... okay on input line 7.
LaTeX Font Info:    Checking defaults for OMX/cmex/m/n on input line 7.
LaTeX Font Info:    ... okay on input line 7.
LaTeX Font Info:    Checking defaults for U/cmr/m/n on input line 7.
LaTeX Font Info:    ... okay on input line 7.

*geometry* driver: auto-detecting
*geometry* detected driver: pdftex
*geometry* verbose mode - [ preamble ] result:
* driver: pdftex
* paper: <default>
* layout: <same size as paper>
* layoutoffset:(h,v)=(0.0pt,0.0pt)
* modes: 
* h-part:(L,W,R)=(92.14519pt, 430.00462pt, 92.14519pt)
* v-part:(T,H,B)=(95.39737pt, 556.47656pt, 143.09605pt)
* \paperwidth=614.295pt
* \paperheight=794.96999pt
* \textwidth=469.75502pt
* \textheight=620.43001pt
* \oddsidemargin=0.0pt
* \evensidemargin=0.0pt
* \topmargin=0.0pt
* \headheight=0.0pt
* \headsep=0.0pt
* \topskip=11.0pt
* \footskip=30.0pt
* \marginparwidth=59.0pt
* \marginparsep=10.0pt
* \columnsep=10.0pt
* \skip\footins=10.0pt plus 4.0pt minus 2.0pt
* \hoffset=0.0pt
* \voffset=0.0pt
* \mag=1000
* \@twocolumnfalse
* \@twosidefalse
* \@mparswitchfalse
* \@reversemarginfalse
* (1in=72.27pt=25.4mm, 1cm=28.453pt)

(/usr/local/texlive/2015/texmf-dist/tex/context/base/supp-pdf.mkii
[Loading MPS to PDF converter (version 2006.09.02).]
\scratchcounter=\count150
\scratchdimen=\dimen183
\scratchbox=\box61
\nofMPsegments=\count151
\nofMParguments=\count152
\everyMPshowfont=\toks38
\MPscratchCnt=\count153
\MPscratchDim=\dimen184
\MPnumerator=\count154
\makeMPintoPDFobject=\count155
\everyMPtoPDFconversion=\toks39
)
Package lastpage Info: Please have a look at the pageslts package at
(lastpage)             https://www.ctan.org/pkg/pageslts
(lastpage)             ! on input line 7.
 ABD: EveryShipout initializing macros
(/usr/local/texlive/2015/texmf-dist/tex/generic/oberdiek/pdftexcmds.sty
Package: pdftexcmds 2011/11/29 v0.20 Utility functions of pdfTeX for LuaTeX (HO
)

(/usr/local/texlive/2015/texmf-dist/tex/generic/oberdiek/ifluatex.sty
Package: ifluatex 2010/03/01 v1.3 Provides the ifluatex switch (HO)
Package ifluatex Info: LuaTeX not detected.
)
Package pdftexcmds Info: LuaTeX not detected.
Package pdftexcmds Info: \pdf@primitive is available.
Package pdftexcmds Info: \pdf@ifprimitive is available.
Package pdftexcmds Info: \pdfdraftmode found.
)
(/usr/local/texlive/2015/texmf-dist/tex/latex/oberdiek/epstopdf-base.sty
Package: epstopdf-base 2010/02/09 v2.5 Base part for package epstopdf

(/usr/local/texlive/2015/texmf-dist/tex/latex/oberdiek/grfext.sty
Package: grfext 2010/08/19 v1.1 Manage graphics extensions (HO)

(/usr/local/texlive/2015/texmf-dist/tex/generic/oberdiek/kvdefinekeys.sty
Package: kvdefinekeys 2011/04/07 v1.3 Define keys (HO)
))
(/usr/local/texlive/2015/texmf-dist/tex/latex/oberdiek/kvoptions.sty
Package: kvoptions 2011/06/30 v3.11 Key value format for package options (HO)

(/usr/local/texlive/2015/texmf-dist/tex/generic/oberdiek/kvsetkeys.sty
Package: kvsetkeys 2012/04/25 v1.16 Key value parser (HO)

(/usr/local/texlive/2015/texmf-dist/tex/generic/oberdiek/etexcmds.sty
Package: etexcmds 2011/02/16 v1.5 Avoid name clashes with e-TeX commands (HO)
Package etexcmds Info: Could not find \expanded.
(etexcmds)             That can mean that you are not using pdfTeX 1.50 or
(etexcmds)             that some package has redefined \expanded.
(etexcmds)             In the latter case, load this package earlier.
)))
Package grfext Info: Graphics extension search list:
(grfext)             [.png,.pdf,.jpg,.mps,.jpeg,.jbig2,.jb2,.PNG,.PDF,.JPG,.JPE
G,.JBIG2,.JB2,.eps]
(grfext)             \AppendGraphicsExtensions on input line 452.

(/usr/local/texlive/2015/texmf-dist/tex/latex/latexconfig/epstopdf-sys.cfg
File: epstopdf-sys.cfg 2010/07/13 v1.3 Configuration of (r)epstopdf for TeX Liv
e
))

AED: lastpage setting LastPage
[1

{/usr/local/texlive/2015/texmf-var/fonts/map/pdftex/updmap/pdftex.map}]
(./receipt.aux) ) 
Here is how much of TeX's memory you used:
 16364 strings out of 493089
 343843 string characters out of 6134842
 413839 words of memory out of 5000000
 19482 multiletter control sequences out of 15000+600000
 4248 words of font info for 16 fonts, out of 8000000 for 9000
 1141 hyphenation exceptions out of 8191
 55i,6n,82p,1144b,547s stack positions out of 5000i,500n,10000p,200000b,80000s
</usr/local/texlive/2015/texmf-dist/fonts/type1/public/amsfont
s/cm/cmbx10.pfb></usr/local/texlive/2015/texmf-dist/fonts/type1/public/amsfonts
/cm/cmr10.pfb>
Output written on receipt.pdf (1 page, 37902 bytes).
PDF statistics:
 43 PDF objects out of 1000 (max. 8388607)
 21 compressed objects within 1 object stream
 0 named destinations out of 1000 (max. 500000)
 109 words of extra memory for PDF output out of 10000 (max. 10000000)

